2025-04-04 08:27:53.217663 - Received CBT.V508.FILE360.PDS from FILE360.XMI 
2025-04-04 08:27:53.219485 - Found $$$#DATE.txt (text/plain) in CBT.V508.FILE360.PDS, moved to PDS/$$$#DATE
2025-04-04 08:27:53.219645 - Found $$NOTE1.txt (text/plain) in CBT.V508.FILE360.PDS, moved to PDS/$$NOTE1
2025-04-04 08:27:53.219791 - Found $$VOLSUP.txt (text/plain) in CBT.V508.FILE360.PDS, moved to PDS/$$VOLSUP
2025-04-04 08:27:53.219932 - Found $DOC.txt (text/plain) in CBT.V508.FILE360.PDS, moved to PDS/$DOC
2025-04-04 08:27:53.220079 - Found @FILE360.txt (text/plain) in CBT.V508.FILE360.PDS, moved to PDS/@FILE360
2025-04-04 08:27:53.220203 - Found ASMCMD.txt (text/plain) in CBT.V508.FILE360.PDS, moved to PDS/ASMCMD
2025-04-04 08:27:53.220349 - Found ASMSPY.txt (text/plain) in CBT.V508.FILE360.PDS, moved to PDS/ASMSPY
2025-04-04 08:27:53.220480 - Found ASMSPY@@.txt (text/plain) in CBT.V508.FILE360.PDS, moved to PDS/ASMSPY@@
2025-04-04 08:27:53.220609 - Found ASMSWP.txt (text/plain) in CBT.V508.FILE360.PDS, moved to PDS/ASMSWP
2025-04-04 08:27:53.220729 - Found AUTH.txt (text/plain) in CBT.V508.FILE360.PDS, moved to PDS/AUTH
2025-04-04 08:27:53.220852 - Found BEGIN.txt (text/plain) in CBT.V508.FILE360.PDS, moved to PDS/BEGIN
2025-04-04 08:27:53.220974 - Found COMMAND.txt (text/plain) in CBT.V508.FILE360.PDS, moved to PDS/COMMAND
2025-04-04 08:27:53.221099 - Found COMMAND@.txt (text/plain) in CBT.V508.FILE360.PDS, moved to PDS/COMMAND@
2025-04-04 08:27:53.221226 - Found DISIMAGE.txt (text/plain) in CBT.V508.FILE360.PDS, moved to PDS/DISIMAGE
2025-04-04 08:27:53.221391 - Found DISKMAP.txt (text/plain) in CBT.V508.FILE360.PDS, moved to PDS/DISKMAP
2025-04-04 08:27:53.221525 - Found DISKMAP$.jcl (text/plain) in CBT.V508.FILE360.PDS, moved to PDS/DISKMAP$
2025-04-04 08:27:53.221647 - Found DISKMAPJ.jcl (text/plain) in CBT.V508.FILE360.PDS, moved to PDS/DISKMAPJ
2025-04-04 08:27:53.221813 - Found DISKMAP0.txt (text/plain) in CBT.V508.FILE360.PDS, moved to PDS/DISKMAP0
2025-04-04 08:27:53.221940 - Found DTYP2UNT.txt (text/plain) in CBT.V508.FILE360.PDS, moved to PDS/DTYP2UNT
2025-04-04 08:27:53.222077 - Found DYNAM.txt (text/plain) in CBT.V508.FILE360.PDS, moved to PDS/DYNAM
2025-04-04 08:27:53.222204 - Found DYNAUTIL.txt (text/plain) in CBT.V508.FILE360.PDS, moved to PDS/DYNAUTIL
2025-04-04 08:27:53.222370 - Found DYNAUTLH.txt (text/plain) in CBT.V508.FILE360.PDS, moved to PDS/DYNAUTLH
2025-04-04 08:27:53.222536 - Found FINISH.txt (text/plain) in CBT.V508.FILE360.PDS, moved to PDS/FINISH
2025-04-04 08:27:53.222861 - Found IDCMSGEN.txt (text/plain) in CBT.V508.FILE360.PDS, moved to PDS/IDCMSGEN
2025-04-04 08:27:53.223008 - Found IEFACTRT.txt (text/plain) in CBT.V508.FILE360.PDS, moved to PDS/IEFACTRT
2025-04-04 08:27:53.223148 - Found IEFU84.txt (text/plain) in CBT.V508.FILE360.PDS, moved to PDS/IEFU84
2025-04-04 08:27:53.223273 - Found IGC0023D.txt (text/plain) in CBT.V508.FILE360.PDS, moved to PDS/IGC0023D
2025-04-04 08:27:53.223389 - Found ISPTCM.txt (text/plain) in CBT.V508.FILE360.PDS, moved to PDS/ISPTCM
2025-04-04 08:27:53.223520 - Found LASTIPL.txt (text/plain) in CBT.V508.FILE360.PDS, moved to PDS/LASTIPL
2025-04-04 08:27:53.223682 - Found PRINTOFF.txt (text/plain) in CBT.V508.FILE360.PDS, moved to PDS/PRINTOFF
2025-04-04 08:27:53.223830 - Found PRINT0FF.txt (text/plain) in CBT.V508.FILE360.PDS, moved to PDS/PRINT0FF
2025-04-04 08:27:53.223981 - Found SPY.txt (text/plain) in CBT.V508.FILE360.PDS, moved to PDS/SPY
2025-04-04 08:27:53.224102 - Found SPY@@.txt (text/plain) in CBT.V508.FILE360.PDS, moved to PDS/SPY@@
2025-04-04 08:27:53.224222 - Found SWAP.txt (text/plain) in CBT.V508.FILE360.PDS, moved to PDS/SWAP
2025-04-04 08:27:53.224338 - Found UADS.txt (text/plain) in CBT.V508.FILE360.PDS, moved to PDS/UADS
2025-04-04 08:27:53.224465 - Found UADSHELP.txt (text/plain) in CBT.V508.FILE360.PDS, moved to PDS/UADSHELP
2025-04-04 08:27:53.224601 - Found VOLS.jcl (text/plain) in CBT.V508.FILE360.PDS, moved to PDS/VOLS
2025-04-04 08:27:53.224738 - Found VOLSHELO.txt (text/plain) in CBT.V508.FILE360.PDS, moved to PDS/VOLSHELO
2025-04-04 08:27:53.224859 - Found VOLSHELP.txt (text/plain) in CBT.V508.FILE360.PDS, moved to PDS/VOLSHELP
2025-04-04 08:27:53.224983 - Found VOLSOLD.jcl (text/plain) in CBT.V508.FILE360.PDS, moved to PDS/VOLSOLD
2025-04-04 08:27:53.225102 - Found VOLSOLDQ.jcl (text/plain) in CBT.V508.FILE360.PDS, moved to PDS/VOLSOLDQ
2025-04-04 08:27:53.225217 - Found VOLSOLDR.txt (text/plain) in CBT.V508.FILE360.PDS, moved to PDS/VOLSOLDR
2025-04-04 08:27:53.225330 - Found VOLSOLDS.txt (text/plain) in CBT.V508.FILE360.PDS, moved to PDS/VOLSOLDS
2025-04-04 08:27:53.225444 - Found VOLSOV9.jcl (text/plain) in CBT.V508.FILE360.PDS, moved to PDS/VOLSOV9
2025-04-04 08:27:53.225571 - Found WSRCCCVT.txt (text/plain) in CBT.V508.FILE360.PDS, moved to PDS/WSRCCCVT
2025-04-04 08:27:53.225710 - Found ZSORTZ.txt (text/plain) in CBT.V508.FILE360.PDS, moved to PDS/ZSORTZ
2025-04-04 08:27:53.225832 - Found ZSORTZ$.jcl (text/plain) in CBT.V508.FILE360.PDS, moved to PDS/ZSORTZ$
